<?xml version="1.0" encoding="UTF-8"?>
<!-- Generated by org.testng.reporters.JUnitReportReporter -->
<testsuite hostname="DESKTOP-0GKRM8F" failures="0" tests="31" name="com.crm.practtice.PracticTest1" time="0.028" errors="0" timestamp="2022-04-06T16:04:29 IST" skipped="1">
  <testcase classname="com.crm.practtice.PracticTest1" name="test3" time="0.001"/>
  <system-out>
    <![CDATA[test3 is running]]>
  </system-out>
  <testcase classname="com.crm.practtice.PracticTest1" name="test3" time="0.002"/>
  <system-out>
    <![CDATA[test3 is running]]>
  </system-out>
  <testcase classname="com.crm.practtice.PracticTest1" name="test3" time="0.001"/>
  <system-out>
    <![CDATA[test3 is running]]>
  </system-out>
  <testcase classname="com.crm.practtice.PracticTest1" name="test3" time="0.008"/>
  <system-out>
    <![CDATA[test3 is running]]>
  </system-out>
  <testcase classname="com.crm.practtice.PracticTest1" name="test3" time="0.000"/>
  <system-out>
    <![CDATA[test3 is running]]>
  </system-out>
  <testcase classname="com.crm.practtice.PracticTest1" name="test1" time="0.001"/>
  <system-out>
    <![CDATA[admin1======password1]]>
  </system-out>
  <testcase classname="com.crm.practtice.PracticTest1" name="test1" time="0.001"/>
  <system-out>
    <![CDATA[admin19======password19]]>
  </system-out>
  <testcase classname="com.crm.practtice.PracticTest1" name="test1" time="0.001"/>
  <system-out>
    <![CDATA[admin4======password4]]>
  </system-out>
  <testcase classname="com.crm.practtice.PracticTest1" name="test1" time="0.001"/>
  <system-out>
    <![CDATA[admin7======password7]]>
  </system-out>
  <testcase classname="com.crm.practtice.PracticTest1" name="test1" time="0.001"/>
  <system-out>
    <![CDATA[admin15======password15]]>
  </system-out>
  <testcase classname="com.crm.practtice.PracticTest1" name="test1" time="0.001"/>
  <system-out>
    <![CDATA[admin10======password10]]>
  </system-out>
  <testcase classname="com.crm.practtice.PracticTest1" name="test1" time="0.001"/>
  <system-out>
    <![CDATA[admin18======password18]]>
  </system-out>
  <testcase classname="com.crm.practtice.PracticTest1" name="test1" time="0.001"/>
  <system-out>
    <![CDATA[admin16======password16]]>
  </system-out>
  <testcase classname="com.crm.practtice.PracticTest1" name="test1" time="0.000"/>
  <system-out>
    <![CDATA[admin24======password24]]>
  </system-out>
  <testcase classname="com.crm.practtice.PracticTest1" name="test1" time="0.000"/>
  <system-out>
    <![CDATA[admin12======password12]]>
  </system-out>
  <testcase classname="com.crm.practtice.PracticTest1" name="test1" time="0.000"/>
  <system-out>
    <![CDATA[admin23======password23]]>
  </system-out>
  <testcase classname="com.crm.practtice.PracticTest1" name="test1" time="0.000"/>
  <system-out>
    <![CDATA[admin11======password11]]>
  </system-out>
  <testcase classname="com.crm.practtice.PracticTest1" name="test1" time="0.000"/>
  <system-out>
    <![CDATA[admin3======password3]]>
  </system-out>
  <testcase classname="com.crm.practtice.PracticTest1" name="test1" time="0.001"/>
  <system-out>
    <![CDATA[admin20======password20]]>
  </system-out>
  <testcase classname="com.crm.practtice.PracticTest1" name="test1" time="0.001"/>
  <system-out>
    <![CDATA[admin14======password14]]>
  </system-out>
  <testcase classname="com.crm.practtice.PracticTest1" name="test1" time="0.000"/>
  <system-out>
    <![CDATA[admin8======password8]]>
  </system-out>
  <testcase classname="com.crm.practtice.PracticTest1" name="test1" time="0.000"/>
  <system-out>
    <![CDATA[admin21======password21]]>
  </system-out>
  <testcase classname="com.crm.practtice.PracticTest1" name="test1" time="0.001"/>
  <system-out>
    <![CDATA[admin13======password13]]>
  </system-out>
  <testcase classname="com.crm.practtice.PracticTest1" name="test1" time="0.000"/>
  <system-out>
    <![CDATA[admin22======password22]]>
  </system-out>
  <testcase classname="com.crm.practtice.PracticTest1" name="test1" time="0.001"/>
  <system-out>
    <![CDATA[admin2======password2]]>
  </system-out>
  <testcase classname="com.crm.practtice.PracticTest1" name="test1" time="0.001"/>
  <system-out>
    <![CDATA[admin5======password5]]>
  </system-out>
  <testcase classname="com.crm.practtice.PracticTest1" name="test1" time="0.001"/>
  <system-out>
    <![CDATA[admin6======password6]]>
  </system-out>
  <testcase classname="com.crm.practtice.PracticTest1" name="test1" time="0.000"/>
  <system-out>
    <![CDATA[admin17======password17]]>
  </system-out>
  <testcase classname="com.crm.practtice.PracticTest1" name="test1" time="0.001"/>
  <system-out>
    <![CDATA[admin9======password9]]>
  </system-out>
  <testcase classname="com.crm.practtice.PracticTest1" name="test4" time="0.001"/>
  <system-out>
    <![CDATA[test4 is running]]>
  </system-out>
  <testcase classname="com.crm.practtice.PracticTest1" name="test2">
    <skipped/>
  </testcase> <!-- test2 -->
  <system-out/>
</testsuite> <!-- com.crm.practtice.PracticTest1 -->
