<?xml version="1.0" encoding="UTF-8"?>
<!-- Generated by org.testng.reporters.JUnitReportReporter -->
<testsuite hostname="DESKTOP-0GKRM8F" failures="0" tests="1" name="com.crm.lead.CreatNewLeadByGivingValidInputToEmailAndSecondaryEmailTestngT1_15_3Test" time="18.687" errors="0" timestamp="2022-04-12T16:57:04 IST" skipped="0">
  <testcase classname="com.crm.lead.CreatNewLeadByGivingValidInputToEmailAndSecondaryEmailTestngT1_15_3Test" name="creatNewLeadByGivingValidInputToEmailAndSecondaryEmailTestngT1_15_3" time="18.687"/>
  <system-out>
    <![CDATA[last name added]]>
  </system-out>
</testsuite> <!-- com.crm.lead.CreatNewLeadByGivingValidInputToEmailAndSecondaryEmailTestngT1_15_3Test -->
