<?xml version="1.0" encoding="UTF-8"?>
<!-- Generated by org.testng.reporters.JUnitReportReporter -->
<testsuite hostname="DESKTOP-0GKRM8F" failures="0" tests="1" name="com.crm.organization.CreateOrganizationWithAssignedToMarketingGroup_TC11" time="10.192" errors="0" timestamp="2022-04-07T13:00:36 IST" skipped="0">
  <testcase classname="com.crm.organization.CreateOrganizationWithAssignedToMarketingGroup_TC11" name="createOrganizationWithAssignedToMarketingGroup_TC11" time="10.192"/>
  <system-out>
    <![CDATA[new org is created successfully]]>
  </system-out>
</testsuite> <!-- com.crm.organization.CreateOrganizationWithAssignedToMarketingGroup_TC11 -->
