<?xml version="1.0" encoding="UTF-8"?>
<!-- Generated by org.testng.reporters.JUnitReportReporter -->
<testsuite hostname="DESKTOP-0GKRM8F" failures="0" tests="1" name="com.crm.practtice.PracticeTest2" time="0.011" errors="0" timestamp="2022-04-11T11:00:02 IST" skipped="0">
  <testcase classname="com.crm.practtice.PracticeTest2" name="testRun3" time="0.011"/>
  <system-out>
    <![CDATA[testrun-3]]>
  </system-out>
</testsuite> <!-- com.crm.practtice.PracticeTest2 -->
