<?xml version="1.0" encoding="UTF-8"?>
<!-- Generated by org.testng.reporters.JUnitReportReporter -->
<testsuite hostname="DESKTOP-0GKRM8F" failures="0" tests="3" name="com.crm.practtice.PracticeTest" time="0.000" errors="0" timestamp="2022-04-06T15:54:26 IST" skipped="0">
  <testcase classname="com.crm.practtice.PracticeTest" name="test2" time="0.000"/>
  <system-out>
    <![CDATA[Welcome to Testyantra1]]>
  </system-out>
  <testcase classname="com.crm.practtice.PracticeTest" name="test1" time="0.000"/>
  <system-out>
    <![CDATA[Welcome to Testyantra]]>
  </system-out>
  <testcase classname="com.crm.practtice.PracticeTest" name="test3" time="0.000"/>
  <system-out>
    <![CDATA[Welcome to Testyantra2]]>
  </system-out>
</testsuite> <!-- com.crm.practtice.PracticeTest -->
