<?xml version="1.0" encoding="UTF-8"?>
<!-- Generated by org.testng.reporters.JUnitReportReporter -->
<testsuite skipped="0" hostname="DESKTOP-0GKRM8F" name="com.crm.lead.CreateLeadwithvalidmandatorydetailsanddeletetheleadfromLeadsInformationpageTestng_TC57Test" tests="1" failures="0" timestamp="12 Apr 2022 11:50:24 GMT" time="22.011" errors="0">
  <testcase name="createLeadwithvalidmandatorydetailsanddeletetheleadfromLeadsInformationpageTestng_TC57" time="22.011" classname="com.crm.lead.CreateLeadwithvalidmandatorydetailsanddeletetheleadfromLeadsInformationpageTestng_TC57Test"/>
</testsuite> <!-- com.crm.lead.CreateLeadwithvalidmandatorydetailsanddeletetheleadfromLeadsInformationpageTestng_TC57Test -->
