<?xml version="1.0" encoding="UTF-8"?>
<!-- Generated by org.testng.reporters.JUnitReportReporter -->
<testsuite skipped="0" hostname="DESKTOP-0GKRM8F" name="com.crm.practtice.PracticeTest" tests="3" failures="0" timestamp="12 Apr 2022 11:36:29 GMT" time="0.004" errors="0">
  <testcase name="test2" time="0.001" classname="com.crm.practtice.PracticeTest"/>
  <testcase name="test3" time="0.000" classname="com.crm.practtice.PracticeTest"/>
  <testcase name="test1" time="0.003" classname="com.crm.practtice.PracticeTest"/>
</testsuite> <!-- com.crm.practtice.PracticeTest -->
